<!DOCTYPE html>
<html>
<head>
<meta http-equiv="Content-Type" content="text/html; charset=utf-8"/>
<meta http-equiv="x-ua-compatible" content="IE=edge"/>
<title>Test results - Class SessionTest</title>
<link href="../css/base-style.css" rel="stylesheet" type="text/css"/>
<link href="../css/style.css" rel="stylesheet" type="text/css"/>
<script src="../js/report.js" type="text/javascript"></script>
</head>
<body>
<div id="content">
<h1>Class SessionTest</h1>
<div class="breadcrumbs">
<a href="../index.html">all</a> &gt; 
<a href="../packages/default-package.html">default-package</a> &gt; SessionTest</div>
<div id="summary">
<table>
<tr>
<td>
<div class="summaryGroup">
<table>
<tr>
<td>
<div class="infoBox" id="tests">
<div class="counter">19</div>
<p>tests</p>
</div>
</td>
<td>
<div class="infoBox" id="failures">
<div class="counter">5</div>
<p>failures</p>
</div>
</td>
<td>
<div class="infoBox" id="ignored">
<div class="counter">0</div>
<p>ignored</p>
</div>
</td>
<td>
<div class="infoBox" id="duration">
<div class="counter">2m18.31s</div>
<p>duration</p>
</div>
</td>
</tr>
</table>
</div>
</td>
<td>
<div class="infoBox failures" id="successRate">
<div class="percent">73%</div>
<p>successful</p>
</div>
</td>
</tr>
</table>
</div>
<div id="tabs">
<ul class="tabLinks">
<li>
<a href="#tab0">Failed tests</a>
</li>
<li>
<a href="#tab1">Tests</a>
</li>
<li>
<a href="#tab2">Standard output</a>
</li>
</ul>
<div id="tab0" class="tab">
<h2>Failed tests</h2>
<div class="test">
<a name="chatSendFeedback[0](json.model.AppSettings@741f9400)"></a>
<h3 class="failures">chatSendFeedback[0](json.model.AppSettings@741f9400)</h3>
<span class="code">
<pre>java.lang.AssertionError: expected [true] but found [false]
	at org.testng.Assert.fail(Assert.java:94)
	at org.testng.Assert.failNotEquals(Assert.java:496)
	at org.testng.Assert.assertEquals(Assert.java:125)
	at org.testng.Assert.assertEquals(Assert.java:288)
	at org.testng.Assert.assertEquals(Assert.java:298)
	at SessionTest.chatSendFeedback(SessionTest.java:171)
	at sun.reflect.NativeMethodAccessorImpl.invoke0(Native Method)
	at sun.reflect.NativeMethodAccessorImpl.invoke(NativeMethodAccessorImpl.java:62)
	at sun.reflect.DelegatingMethodAccessorImpl.invoke(DelegatingMethodAccessorImpl.java:43)
	at java.lang.reflect.Method.invoke(Method.java:497)
	at org.testng.internal.MethodInvocationHelper.invokeMethod(MethodInvocationHelper.java:85)
	at org.testng.internal.Invoker.invokeMethod(Invoker.java:639)
	at org.testng.internal.Invoker.invokeTestMethod(Invoker.java:821)
	at org.testng.internal.Invoker.invokeTestMethods(Invoker.java:1131)
	at org.testng.internal.TestMethodWorker.invokeTestMethods(TestMethodWorker.java:124)
	at org.testng.internal.TestMethodWorker.run(TestMethodWorker.java:108)
	at org.testng.TestRunner.privateRun(TestRunner.java:773)
	at org.testng.TestRunner.run(TestRunner.java:623)
	at org.testng.SuiteRunner.runTest(SuiteRunner.java:357)
	at org.testng.SuiteRunner.runSequentially(SuiteRunner.java:352)
	at org.testng.SuiteRunner.privateRun(SuiteRunner.java:310)
	at org.testng.SuiteRunner.run(SuiteRunner.java:259)
	at org.testng.SuiteRunnerWorker.runSuite(SuiteRunnerWorker.java:52)
	at org.testng.SuiteRunnerWorker.run(SuiteRunnerWorker.java:86)
	at org.testng.TestNG.runSuitesSequentially(TestNG.java:1185)
	at org.testng.TestNG.runSuitesLocally(TestNG.java:1110)
	at org.testng.TestNG.run(TestNG.java:1018)
	at org.gradle.api.internal.tasks.testing.testng.TestNGTestClassProcessor.runTests(TestNGTestClassProcessor.java:136)
	at org.gradle.api.internal.tasks.testing.testng.TestNGTestClassProcessor.stop(TestNGTestClassProcessor.java:80)
	at org.gradle.api.internal.tasks.testing.SuiteTestClassProcessor.stop(SuiteTestClassProcessor.java:59)
	at sun.reflect.NativeMethodAccessorImpl.invoke0(Native Method)
	at sun.reflect.NativeMethodAccessorImpl.invoke(NativeMethodAccessorImpl.java:62)
	at sun.reflect.DelegatingMethodAccessorImpl.invoke(DelegatingMethodAccessorImpl.java:43)
	at java.lang.reflect.Method.invoke(Method.java:497)
	at org.gradle.messaging.dispatch.ReflectionDispatch.dispatch(ReflectionDispatch.java:35)
	at org.gradle.messaging.dispatch.ReflectionDispatch.dispatch(ReflectionDispatch.java:24)
	at org.gradle.messaging.dispatch.ContextClassLoaderDispatch.dispatch(ContextClassLoaderDispatch.java:32)
	at org.gradle.messaging.dispatch.ProxyDispatchAdapter$DispatchingInvocationHandler.invoke(ProxyDispatchAdapter.java:93)
	at com.sun.proxy.$Proxy2.stop(Unknown Source)
	at org.gradle.api.internal.tasks.testing.worker.TestWorker.stop(TestWorker.java:116)
	at sun.reflect.NativeMethodAccessorImpl.invoke0(Native Method)
	at sun.reflect.NativeMethodAccessorImpl.invoke(NativeMethodAccessorImpl.java:62)
	at sun.reflect.DelegatingMethodAccessorImpl.invoke(DelegatingMethodAccessorImpl.java:43)
	at java.lang.reflect.Method.invoke(Method.java:497)
	at org.gradle.messaging.dispatch.ReflectionDispatch.dispatch(ReflectionDispatch.java:35)
	at org.gradle.messaging.dispatch.ReflectionDispatch.dispatch(ReflectionDispatch.java:24)
	at org.gradle.messaging.remote.internal.hub.MessageHub$Handler.run(MessageHub.java:360)
	at org.gradle.internal.concurrent.ExecutorPolicy$CatchAndRecordFailures.onExecute(ExecutorPolicy.java:54)
	at org.gradle.internal.concurrent.StoppableExecutorImpl$1.run(StoppableExecutorImpl.java:40)
	at java.util.concurrent.ThreadPoolExecutor.runWorker(ThreadPoolExecutor.java:1142)
	at java.util.concurrent.ThreadPoolExecutor$Worker.run(ThreadPoolExecutor.java:617)
	at java.lang.Thread.run(Thread.java:745)
</pre>
</span>
</div>
<div class="test">
<a name="chatSendFeedback[1](json.model.AppSettings@ba7219d)"></a>
<h3 class="failures">chatSendFeedback[1](json.model.AppSettings@ba7219d)</h3>
<span class="code">
<pre>java.lang.AssertionError: expected [true] but found [false]
	at org.testng.Assert.fail(Assert.java:94)
	at org.testng.Assert.failNotEquals(Assert.java:496)
	at org.testng.Assert.assertEquals(Assert.java:125)
	at org.testng.Assert.assertEquals(Assert.java:288)
	at org.testng.Assert.assertEquals(Assert.java:298)
	at SessionTest.chatSendFeedback(SessionTest.java:171)
	at sun.reflect.NativeMethodAccessorImpl.invoke0(Native Method)
	at sun.reflect.NativeMethodAccessorImpl.invoke(NativeMethodAccessorImpl.java:62)
	at sun.reflect.DelegatingMethodAccessorImpl.invoke(DelegatingMethodAccessorImpl.java:43)
	at java.lang.reflect.Method.invoke(Method.java:497)
	at org.testng.internal.MethodInvocationHelper.invokeMethod(MethodInvocationHelper.java:85)
	at org.testng.internal.Invoker.invokeMethod(Invoker.java:639)
	at org.testng.internal.Invoker.invokeTestMethod(Invoker.java:821)
	at org.testng.internal.Invoker.invokeTestMethods(Invoker.java:1131)
	at org.testng.internal.TestMethodWorker.invokeTestMethods(TestMethodWorker.java:124)
	at org.testng.internal.TestMethodWorker.run(TestMethodWorker.java:108)
	at org.testng.TestRunner.privateRun(TestRunner.java:773)
	at org.testng.TestRunner.run(TestRunner.java:623)
	at org.testng.SuiteRunner.runTest(SuiteRunner.java:357)
	at org.testng.SuiteRunner.runSequentially(SuiteRunner.java:352)
	at org.testng.SuiteRunner.privateRun(SuiteRunner.java:310)
	at org.testng.SuiteRunner.run(SuiteRunner.java:259)
	at org.testng.SuiteRunnerWorker.runSuite(SuiteRunnerWorker.java:52)
	at org.testng.SuiteRunnerWorker.run(SuiteRunnerWorker.java:86)
	at org.testng.TestNG.runSuitesSequentially(TestNG.java:1185)
	at org.testng.TestNG.runSuitesLocally(TestNG.java:1110)
	at org.testng.TestNG.run(TestNG.java:1018)
	at org.gradle.api.internal.tasks.testing.testng.TestNGTestClassProcessor.runTests(TestNGTestClassProcessor.java:136)
	at org.gradle.api.internal.tasks.testing.testng.TestNGTestClassProcessor.stop(TestNGTestClassProcessor.java:80)
	at org.gradle.api.internal.tasks.testing.SuiteTestClassProcessor.stop(SuiteTestClassProcessor.java:59)
	at sun.reflect.NativeMethodAccessorImpl.invoke0(Native Method)
	at sun.reflect.NativeMethodAccessorImpl.invoke(NativeMethodAccessorImpl.java:62)
	at sun.reflect.DelegatingMethodAccessorImpl.invoke(DelegatingMethodAccessorImpl.java:43)
	at java.lang.reflect.Method.invoke(Method.java:497)
	at org.gradle.messaging.dispatch.ReflectionDispatch.dispatch(ReflectionDispatch.java:35)
	at org.gradle.messaging.dispatch.ReflectionDispatch.dispatch(ReflectionDispatch.java:24)
	at org.gradle.messaging.dispatch.ContextClassLoaderDispatch.dispatch(ContextClassLoaderDispatch.java:32)
	at org.gradle.messaging.dispatch.ProxyDispatchAdapter$DispatchingInvocationHandler.invoke(ProxyDispatchAdapter.java:93)
	at com.sun.proxy.$Proxy2.stop(Unknown Source)
	at org.gradle.api.internal.tasks.testing.worker.TestWorker.stop(TestWorker.java:116)
	at sun.reflect.NativeMethodAccessorImpl.invoke0(Native Method)
	at sun.reflect.NativeMethodAccessorImpl.invoke(NativeMethodAccessorImpl.java:62)
	at sun.reflect.DelegatingMethodAccessorImpl.invoke(DelegatingMethodAccessorImpl.java:43)
	at java.lang.reflect.Method.invoke(Method.java:497)
	at org.gradle.messaging.dispatch.ReflectionDispatch.dispatch(ReflectionDispatch.java:35)
	at org.gradle.messaging.dispatch.ReflectionDispatch.dispatch(ReflectionDispatch.java:24)
	at org.gradle.messaging.remote.internal.hub.MessageHub$Handler.run(MessageHub.java:360)
	at org.gradle.internal.concurrent.ExecutorPolicy$CatchAndRecordFailures.onExecute(ExecutorPolicy.java:54)
	at org.gradle.internal.concurrent.StoppableExecutorImpl$1.run(StoppableExecutorImpl.java:40)
	at java.util.concurrent.ThreadPoolExecutor.runWorker(ThreadPoolExecutor.java:1142)
	at java.util.concurrent.ThreadPoolExecutor$Worker.run(ThreadPoolExecutor.java:617)
	at java.lang.Thread.run(Thread.java:745)
</pre>
</span>
</div>
<div class="test">
<a name="chatSendFeedback[2](json.model.AppSettings@7ad27d15)"></a>
<h3 class="failures">chatSendFeedback[2](json.model.AppSettings@7ad27d15)</h3>
<span class="code">
<pre>java.lang.AssertionError: expected [true] but found [false]
	at org.testng.Assert.fail(Assert.java:94)
	at org.testng.Assert.failNotEquals(Assert.java:496)
	at org.testng.Assert.assertEquals(Assert.java:125)
	at org.testng.Assert.assertEquals(Assert.java:288)
	at org.testng.Assert.assertEquals(Assert.java:298)
	at SessionTest.chatSendFeedback(SessionTest.java:171)
	at sun.reflect.NativeMethodAccessorImpl.invoke0(Native Method)
	at sun.reflect.NativeMethodAccessorImpl.invoke(NativeMethodAccessorImpl.java:62)
	at sun.reflect.DelegatingMethodAccessorImpl.invoke(DelegatingMethodAccessorImpl.java:43)
	at java.lang.reflect.Method.invoke(Method.java:497)
	at org.testng.internal.MethodInvocationHelper.invokeMethod(MethodInvocationHelper.java:85)
	at org.testng.internal.Invoker.invokeMethod(Invoker.java:639)
	at org.testng.internal.Invoker.invokeTestMethod(Invoker.java:821)
	at org.testng.internal.Invoker.invokeTestMethods(Invoker.java:1131)
	at org.testng.internal.TestMethodWorker.invokeTestMethods(TestMethodWorker.java:124)
	at org.testng.internal.TestMethodWorker.run(TestMethodWorker.java:108)
	at org.testng.TestRunner.privateRun(TestRunner.java:773)
	at org.testng.TestRunner.run(TestRunner.java:623)
	at org.testng.SuiteRunner.runTest(SuiteRunner.java:357)
	at org.testng.SuiteRunner.runSequentially(SuiteRunner.java:352)
	at org.testng.SuiteRunner.privateRun(SuiteRunner.java:310)
	at org.testng.SuiteRunner.run(SuiteRunner.java:259)
	at org.testng.SuiteRunnerWorker.runSuite(SuiteRunnerWorker.java:52)
	at org.testng.SuiteRunnerWorker.run(SuiteRunnerWorker.java:86)
	at org.testng.TestNG.runSuitesSequentially(TestNG.java:1185)
	at org.testng.TestNG.runSuitesLocally(TestNG.java:1110)
	at org.testng.TestNG.run(TestNG.java:1018)
	at org.gradle.api.internal.tasks.testing.testng.TestNGTestClassProcessor.runTests(TestNGTestClassProcessor.java:136)
	at org.gradle.api.internal.tasks.testing.testng.TestNGTestClassProcessor.stop(TestNGTestClassProcessor.java:80)
	at org.gradle.api.internal.tasks.testing.SuiteTestClassProcessor.stop(SuiteTestClassProcessor.java:59)
	at sun.reflect.NativeMethodAccessorImpl.invoke0(Native Method)
	at sun.reflect.NativeMethodAccessorImpl.invoke(NativeMethodAccessorImpl.java:62)
	at sun.reflect.DelegatingMethodAccessorImpl.invoke(DelegatingMethodAccessorImpl.java:43)
	at java.lang.reflect.Method.invoke(Method.java:497)
	at org.gradle.messaging.dispatch.ReflectionDispatch.dispatch(ReflectionDispatch.java:35)
	at org.gradle.messaging.dispatch.ReflectionDispatch.dispatch(ReflectionDispatch.java:24)
	at org.gradle.messaging.dispatch.ContextClassLoaderDispatch.dispatch(ContextClassLoaderDispatch.java:32)
	at org.gradle.messaging.dispatch.ProxyDispatchAdapter$DispatchingInvocationHandler.invoke(ProxyDispatchAdapter.java:93)
	at com.sun.proxy.$Proxy2.stop(Unknown Source)
	at org.gradle.api.internal.tasks.testing.worker.TestWorker.stop(TestWorker.java:116)
	at sun.reflect.NativeMethodAccessorImpl.invoke0(Native Method)
	at sun.reflect.NativeMethodAccessorImpl.invoke(NativeMethodAccessorImpl.java:62)
	at sun.reflect.DelegatingMethodAccessorImpl.invoke(DelegatingMethodAccessorImpl.java:43)
	at java.lang.reflect.Method.invoke(Method.java:497)
	at org.gradle.messaging.dispatch.ReflectionDispatch.dispatch(ReflectionDispatch.java:35)
	at org.gradle.messaging.dispatch.ReflectionDispatch.dispatch(ReflectionDispatch.java:24)
	at org.gradle.messaging.remote.internal.hub.MessageHub$Handler.run(MessageHub.java:360)
	at org.gradle.internal.concurrent.ExecutorPolicy$CatchAndRecordFailures.onExecute(ExecutorPolicy.java:54)
	at org.gradle.internal.concurrent.StoppableExecutorImpl$1.run(StoppableExecutorImpl.java:40)
	at java.util.concurrent.ThreadPoolExecutor.runWorker(ThreadPoolExecutor.java:1142)
	at java.util.concurrent.ThreadPoolExecutor$Worker.run(ThreadPoolExecutor.java:617)
	at java.lang.Thread.run(Thread.java:745)
</pre>
</span>
</div>
<div class="test">
<a name="continueVisit[0](json.model.AppSettings@73f6d80f)"></a>
<h3 class="failures">continueVisit[0](json.model.AppSettings@73f6d80f)</h3>
<span class="code">
<pre>java.lang.AssertionError: expected [true] but found [false]
	at org.testng.Assert.fail(Assert.java:94)
	at org.testng.Assert.failNotEquals(Assert.java:496)
	at org.testng.Assert.assertEquals(Assert.java:125)
	at org.testng.Assert.assertEquals(Assert.java:288)
	at org.testng.Assert.assertEquals(Assert.java:298)
	at SessionTest.continueVisit(SessionTest.java:111)
	at sun.reflect.NativeMethodAccessorImpl.invoke0(Native Method)
	at sun.reflect.NativeMethodAccessorImpl.invoke(NativeMethodAccessorImpl.java:62)
	at sun.reflect.DelegatingMethodAccessorImpl.invoke(DelegatingMethodAccessorImpl.java:43)
	at java.lang.reflect.Method.invoke(Method.java:497)
	at org.testng.internal.MethodInvocationHelper.invokeMethod(MethodInvocationHelper.java:85)
	at org.testng.internal.Invoker.invokeMethod(Invoker.java:639)
	at org.testng.internal.Invoker.invokeTestMethod(Invoker.java:821)
	at org.testng.internal.Invoker.invokeTestMethods(Invoker.java:1131)
	at org.testng.internal.TestMethodWorker.invokeTestMethods(TestMethodWorker.java:124)
	at org.testng.internal.TestMethodWorker.run(TestMethodWorker.java:108)
	at org.testng.TestRunner.privateRun(TestRunner.java:773)
	at org.testng.TestRunner.run(TestRunner.java:623)
	at org.testng.SuiteRunner.runTest(SuiteRunner.java:357)
	at org.testng.SuiteRunner.runSequentially(SuiteRunner.java:352)
	at org.testng.SuiteRunner.privateRun(SuiteRunner.java:310)
	at org.testng.SuiteRunner.run(SuiteRunner.java:259)
	at org.testng.SuiteRunnerWorker.runSuite(SuiteRunnerWorker.java:52)
	at org.testng.SuiteRunnerWorker.run(SuiteRunnerWorker.java:86)
	at org.testng.TestNG.runSuitesSequentially(TestNG.java:1185)
	at org.testng.TestNG.runSuitesLocally(TestNG.java:1110)
	at org.testng.TestNG.run(TestNG.java:1018)
	at org.gradle.api.internal.tasks.testing.testng.TestNGTestClassProcessor.runTests(TestNGTestClassProcessor.java:136)
	at org.gradle.api.internal.tasks.testing.testng.TestNGTestClassProcessor.stop(TestNGTestClassProcessor.java:80)
	at org.gradle.api.internal.tasks.testing.SuiteTestClassProcessor.stop(SuiteTestClassProcessor.java:59)
	at sun.reflect.NativeMethodAccessorImpl.invoke0(Native Method)
	at sun.reflect.NativeMethodAccessorImpl.invoke(NativeMethodAccessorImpl.java:62)
	at sun.reflect.DelegatingMethodAccessorImpl.invoke(DelegatingMethodAccessorImpl.java:43)
	at java.lang.reflect.Method.invoke(Method.java:497)
	at org.gradle.messaging.dispatch.ReflectionDispatch.dispatch(ReflectionDispatch.java:35)
	at org.gradle.messaging.dispatch.ReflectionDispatch.dispatch(ReflectionDispatch.java:24)
	at org.gradle.messaging.dispatch.ContextClassLoaderDispatch.dispatch(ContextClassLoaderDispatch.java:32)
	at org.gradle.messaging.dispatch.ProxyDispatchAdapter$DispatchingInvocationHandler.invoke(ProxyDispatchAdapter.java:93)
	at com.sun.proxy.$Proxy2.stop(Unknown Source)
	at org.gradle.api.internal.tasks.testing.worker.TestWorker.stop(TestWorker.java:116)
	at sun.reflect.NativeMethodAccessorImpl.invoke0(Native Method)
	at sun.reflect.NativeMethodAccessorImpl.invoke(NativeMethodAccessorImpl.java:62)
	at sun.reflect.DelegatingMethodAccessorImpl.invoke(DelegatingMethodAccessorImpl.java:43)
	at java.lang.reflect.Method.invoke(Method.java:497)
	at org.gradle.messaging.dispatch.ReflectionDispatch.dispatch(ReflectionDispatch.java:35)
	at org.gradle.messaging.dispatch.ReflectionDispatch.dispatch(ReflectionDispatch.java:24)
	at org.gradle.messaging.remote.internal.hub.MessageHub$Handler.run(MessageHub.java:360)
	at org.gradle.internal.concurrent.ExecutorPolicy$CatchAndRecordFailures.onExecute(ExecutorPolicy.java:54)
	at org.gradle.internal.concurrent.StoppableExecutorImpl$1.run(StoppableExecutorImpl.java:40)
	at java.util.concurrent.ThreadPoolExecutor.runWorker(ThreadPoolExecutor.java:1142)
	at java.util.concurrent.ThreadPoolExecutor$Worker.run(ThreadPoolExecutor.java:617)
	at java.lang.Thread.run(Thread.java:745)
</pre>
</span>
</div>
<div class="test">
<a name="continueVisit[1](json.model.AppSettings@260a7b20)"></a>
<h3 class="failures">continueVisit[1](json.model.AppSettings@260a7b20)</h3>
<span class="code">
<pre>java.lang.AssertionError: expected [true] but found [false]
	at org.testng.Assert.fail(Assert.java:94)
	at org.testng.Assert.failNotEquals(Assert.java:496)
	at org.testng.Assert.assertEquals(Assert.java:125)
	at org.testng.Assert.assertEquals(Assert.java:288)
	at org.testng.Assert.assertEquals(Assert.java:298)
	at SessionTest.continueVisit(SessionTest.java:111)
	at sun.reflect.NativeMethodAccessorImpl.invoke0(Native Method)
	at sun.reflect.NativeMethodAccessorImpl.invoke(NativeMethodAccessorImpl.java:62)
	at sun.reflect.DelegatingMethodAccessorImpl.invoke(DelegatingMethodAccessorImpl.java:43)
	at java.lang.reflect.Method.invoke(Method.java:497)
	at org.testng.internal.MethodInvocationHelper.invokeMethod(MethodInvocationHelper.java:85)
	at org.testng.internal.Invoker.invokeMethod(Invoker.java:639)
	at org.testng.internal.Invoker.invokeTestMethod(Invoker.java:821)
	at org.testng.internal.Invoker.invokeTestMethods(Invoker.java:1131)
	at org.testng.internal.TestMethodWorker.invokeTestMethods(TestMethodWorker.java:124)
	at org.testng.internal.TestMethodWorker.run(TestMethodWorker.java:108)
	at org.testng.TestRunner.privateRun(TestRunner.java:773)
	at org.testng.TestRunner.run(TestRunner.java:623)
	at org.testng.SuiteRunner.runTest(SuiteRunner.java:357)
	at org.testng.SuiteRunner.runSequentially(SuiteRunner.java:352)
	at org.testng.SuiteRunner.privateRun(SuiteRunner.java:310)
	at org.testng.SuiteRunner.run(SuiteRunner.java:259)
	at org.testng.SuiteRunnerWorker.runSuite(SuiteRunnerWorker.java:52)
	at org.testng.SuiteRunnerWorker.run(SuiteRunnerWorker.java:86)
	at org.testng.TestNG.runSuitesSequentially(TestNG.java:1185)
	at org.testng.TestNG.runSuitesLocally(TestNG.java:1110)
	at org.testng.TestNG.run(TestNG.java:1018)
	at org.gradle.api.internal.tasks.testing.testng.TestNGTestClassProcessor.runTests(TestNGTestClassProcessor.java:136)
	at org.gradle.api.internal.tasks.testing.testng.TestNGTestClassProcessor.stop(TestNGTestClassProcessor.java:80)
	at org.gradle.api.internal.tasks.testing.SuiteTestClassProcessor.stop(SuiteTestClassProcessor.java:59)
	at sun.reflect.NativeMethodAccessorImpl.invoke0(Native Method)
	at sun.reflect.NativeMethodAccessorImpl.invoke(NativeMethodAccessorImpl.java:62)
	at sun.reflect.DelegatingMethodAccessorImpl.invoke(DelegatingMethodAccessorImpl.java:43)
	at java.lang.reflect.Method.invoke(Method.java:497)
	at org.gradle.messaging.dispatch.ReflectionDispatch.dispatch(ReflectionDispatch.java:35)
	at org.gradle.messaging.dispatch.ReflectionDispatch.dispatch(ReflectionDispatch.java:24)
	at org.gradle.messaging.dispatch.ContextClassLoaderDispatch.dispatch(ContextClassLoaderDispatch.java:32)
	at org.gradle.messaging.dispatch.ProxyDispatchAdapter$DispatchingInvocationHandler.invoke(ProxyDispatchAdapter.java:93)
	at com.sun.proxy.$Proxy2.stop(Unknown Source)
	at org.gradle.api.internal.tasks.testing.worker.TestWorker.stop(TestWorker.java:116)
	at sun.reflect.NativeMethodAccessorImpl.invoke0(Native Method)
	at sun.reflect.NativeMethodAccessorImpl.invoke(NativeMethodAccessorImpl.java:62)
	at sun.reflect.DelegatingMethodAccessorImpl.invoke(DelegatingMethodAccessorImpl.java:43)
	at java.lang.reflect.Method.invoke(Method.java:497)
	at org.gradle.messaging.dispatch.ReflectionDispatch.dispatch(ReflectionDispatch.java:35)
	at org.gradle.messaging.dispatch.ReflectionDispatch.dispatch(ReflectionDispatch.java:24)
	at org.gradle.messaging.remote.internal.hub.MessageHub$Handler.run(MessageHub.java:360)
	at org.gradle.internal.concurrent.ExecutorPolicy$CatchAndRecordFailures.onExecute(ExecutorPolicy.java:54)
	at org.gradle.internal.concurrent.StoppableExecutorImpl$1.run(StoppableExecutorImpl.java:40)
	at java.util.concurrent.ThreadPoolExecutor.runWorker(ThreadPoolExecutor.java:1142)
	at java.util.concurrent.ThreadPoolExecutor$Worker.run(ThreadPoolExecutor.java:617)
	at java.lang.Thread.run(Thread.java:745)
</pre>
</span>
</div>
</div>
<div id="tab1" class="tab">
<h2>Tests</h2>
<table>
<thead>
<tr>
<th>Test</th>
<th>Duration</th>
<th>Result</th>
</tr>
</thead>
<tr>
<td class="success">beginChat[0](json.model.AppSettings@2513e5cc)</td>
<td>8.951s</td>
<td class="success">passed</td>
</tr>
<tr>
<td class="success">beginChat[1](json.model.AppSettings@3f958b6c)</td>
<td>8.091s</td>
<td class="success">passed</td>
</tr>
<tr>
<td class="success">beginChat[2](json.model.AppSettings@5bda91f2)</td>
<td>7.991s</td>
<td class="success">passed</td>
</tr>
<tr>
<td class="success">beginVisit[0](json.model.AppSettings@282d7003)</td>
<td>0.191s</td>
<td class="success">passed</td>
</tr>
<tr>
<td class="success">beginVisit[0](json.model.AppSettings@2d5a0fec)</td>
<td>0.273s</td>
<td class="success">passed</td>
</tr>
<tr>
<td class="success">beginVisit[2](json.model.AppSettings@38ea4664)</td>
<td>0.142s</td>
<td class="success">passed</td>
</tr>
<tr>
<td class="success">beginVisit[4](json.model.AppSettings@21b1f8c3)</td>
<td>0.203s</td>
<td class="success">passed</td>
</tr>
<tr>
<td class="success">beginVisit[6](json.model.AppSettings@28e99599)</td>
<td>0.197s</td>
<td class="success">passed</td>
</tr>
<tr>
<td class="success">beginVisit[8](json.model.AppSettings@34c750e3)</td>
<td>0.227s</td>
<td class="success">passed</td>
</tr>
<tr>
<td class="failures">chatSendFeedback[0](json.model.AppSettings@741f9400)</td>
<td>3.397s</td>
<td class="failures">failed</td>
</tr>
<tr>
<td class="failures">chatSendFeedback[1](json.model.AppSettings@ba7219d)</td>
<td>3.449s</td>
<td class="failures">failed</td>
</tr>
<tr>
<td class="failures">chatSendFeedback[2](json.model.AppSettings@7ad27d15)</td>
<td>3.434s</td>
<td class="failures">failed</td>
</tr>
<tr>
<td class="failures">continueVisit[0](json.model.AppSettings@73f6d80f)</td>
<td>30.338s</td>
<td class="failures">failed</td>
</tr>
<tr>
<td class="failures">continueVisit[1](json.model.AppSettings@260a7b20)</td>
<td>30.313s</td>
<td class="failures">failed</td>
</tr>
<tr>
<td class="success">continueVisit[2](json.model.AppSettings@1ebc7140)</td>
<td>30.366s</td>
<td class="success">passed</td>
</tr>
<tr>
<td class="success">sendCustomVars</td>
<td>0.588s</td>
<td class="success">passed</td>
</tr>
<tr>
<td class="success">visitAdvisories[0](json.model.AppSettings@510bbfb9)</td>
<td>3.387s</td>
<td class="success">passed</td>
</tr>
<tr>
<td class="success">visitAdvisories[1](json.model.AppSettings@102303dc)</td>
<td>3.349s</td>
<td class="success">passed</td>
</tr>
<tr>
<td class="success">visitAdvisories[2](json.model.AppSettings@2d365c13)</td>
<td>3.420s</td>
<td class="success">passed</td>
</tr>
</table>
</div>
<div id="tab2" class="tab">
<h2>Standard output</h2>
<span class="code">
<pre>JSON TestResults {&quot;visit&quot;:&quot;{\&quot;continue_url\&quot;:\&quot;https:\/\/dispatch.staging.look.io\/api\/v1\/visit\/8f23bb0b6ace17e1c5139dc767fd8650\/continue\&quot;,\&quot;postBody\&quot;:\&quot;{\\\&quot;app_foregrounded\\\&quot;:false,\\\&quot;app_id\\\&quot;:\\\&quot;io.look.sample-P36511428\\\&quot;,\\\&quot;branding_md5\\\&quot;:\\\&quot;8c8e4cf75e84221da289edf4d3e1730c\\\&quot;,\\\&quot;device_id\\\&quot;:\\\&quot;C4774032-3CAA-43BA-905C-8DAC769846F8\\\&quot;,\\\&quot;device_type\\\&quot;:\\\&quot;x86_64\\\&quot;,\\\&quot;language\\\&quot;:\\\&quot;en\\\&quot;,\\\&quot;locale\\\&quot;:\\\&quot;en_US\\\&quot;,\\\&quot;platform\\\&quot;:\\\&quot;Apple iOS\\\&quot;,\\\&quot;platform_version\\\&quot;:\\\&quot;8.4\\\&quot;,\\\&quot;request_visitor_id\\\&quot;:false,\\\&quot;sdk_version\\\&quot;:\\\&quot;0.1.1\\\&quot;,\\\&quot;site_id\\\&quot;:\\\&quot;P36511428\\\&quot;,\\\&quot;skill\\\&quot;:\\\&quot;mobile\\\&quot;,\\\&quot;strings_hash\\\&quot;:\\\&quot;e8d2cb478b5411d43b5570ca0369bcb9\\\&quot;,\\\&quot;version\\\&quot;:\\\&quot;1.1.0\\\&quot;}\&quot;,\&quot;responseCode\&quot;:201,\&quot;url\&quot;:\&quot;https:\/\/dispatch.staging.look.io\/api\/v1\/app\/launch\&quot;,\&quot;visit_id\&quot;:\&quot;8f23bb0b6ace17e1c5139dc767fd8650\&quot;}&quot;}
JSON TestResults {&quot;visit&quot;:&quot;{\&quot;continue_url\&quot;:\&quot;https:\/\/dispatch.staging.look.io\/api\/v1\/visit\/cb59f08b0e3371307761a4722fe789d2\/continue\&quot;,\&quot;postBody\&quot;:\&quot;{\\\&quot;app_foregrounded\\\&quot;:false,\\\&quot;app_id\\\&quot;:\\\&quot;io.look.sample-P36511428\\\&quot;,\\\&quot;branding_md5\\\&quot;:\\\&quot;8c8e4cf75e84221da289edf4d3e1730c\\\&quot;,\\\&quot;device_id\\\&quot;:\\\&quot;C4774032-3CAA-43BA-905C-8DAC769846F8\\\&quot;,\\\&quot;device_type\\\&quot;:\\\&quot;x86_64\\\&quot;,\\\&quot;language\\\&quot;:\\\&quot;en\\\&quot;,\\\&quot;locale\\\&quot;:\\\&quot;en_US\\\&quot;,\\\&quot;platform\\\&quot;:\\\&quot;Apple iOS\\\&quot;,\\\&quot;platform_version\\\&quot;:\\\&quot;8.4\\\&quot;,\\\&quot;request_visitor_id\\\&quot;:false,\\\&quot;sdk_version\\\&quot;:\\\&quot;0.1.1\\\&quot;,\\\&quot;site_id\\\&quot;:\\\&quot;P36511428\\\&quot;,\\\&quot;skill\\\&quot;:\\\&quot;mobile\\\&quot;,\\\&quot;strings_hash\\\&quot;:\\\&quot;e8d2cb478b5411d43b5570ca0369bcb9\\\&quot;,\\\&quot;version\\\&quot;:\\\&quot;1.1.0\\\&quot;}\&quot;,\&quot;responseCode\&quot;:201,\&quot;url\&quot;:\&quot;https:\/\/dispatch.staging.look.io\/api\/v1\/app\/launch\&quot;,\&quot;visit_id\&quot;:\&quot;cb59f08b0e3371307761a4722fe789d2\&quot;}&quot;}
JSON TestResults {&quot;visit&quot;:&quot;{\&quot;continue_url\&quot;:\&quot;https:\/\/dispatch.staging.look.io\/api\/v1\/visit\/fb1bc5536055bddd23c418cd2e6a61b0\/continue\&quot;,\&quot;postBody\&quot;:\&quot;{\\\&quot;app_foregrounded\\\&quot;:false,\\\&quot;app_id\\\&quot;:\\\&quot;com.liveperson.mobile.ecosmart-P36511428\\\&quot;,\\\&quot;branding_md5\\\&quot;:\\\&quot;e3fa6750a0c2e557342831924e6d39d4\\\&quot;,\\\&quot;language\\\&quot;:\\\&quot;en\\\&quot;,\\\&quot;platform\\\&quot;:\\\&quot;Android\\\&quot;,\\\&quot;request_visitor_id\\\&quot;:true,\\\&quot;site_id\\\&quot;:\\\&quot;P36511428\\\&quot;,\\\&quot;skill\\\&quot;:\\\&quot;mobile\\\&quot;}\&quot;,\&quot;responseCode\&quot;:201,\&quot;url\&quot;:\&quot;https:\/\/dispatch.staging.look.io\/api\/v1\/app\/launch\&quot;,\&quot;visit_id\&quot;:\&quot;fb1bc5536055bddd23c418cd2e6a61b0\&quot;}&quot;}
JSON TestResults {&quot;visit&quot;:&quot;{\&quot;continue_url\&quot;:\&quot;https:\/\/dispatch.staging.look.io\/api\/v1\/visit\/16d3aa7ce3bdd07a59c8c642ec39a085\/continue\&quot;,\&quot;postBody\&quot;:\&quot;{\\\&quot;app_foregrounded\\\&quot;:false,\\\&quot;app_id\\\&quot;:\\\&quot;com.liveperson.mobile.ecosmart-P36511428\\\&quot;,\\\&quot;branding_md5\\\&quot;:\\\&quot;e3fa6750a0c2e557342831924e6d39d4\\\&quot;,\\\&quot;language\\\&quot;:\\\&quot;en\\\&quot;,\\\&quot;platform\\\&quot;:\\\&quot;Android\\\&quot;,\\\&quot;request_visitor_id\\\&quot;:true,\\\&quot;site_id\\\&quot;:\\\&quot;P36511428\\\&quot;,\\\&quot;skill\\\&quot;:\\\&quot;mobile\\\&quot;}\&quot;,\&quot;responseCode\&quot;:201,\&quot;url\&quot;:\&quot;https:\/\/dispatch.staging.look.io\/api\/v1\/app\/launch\&quot;,\&quot;visit_id\&quot;:\&quot;16d3aa7ce3bdd07a59c8c642ec39a085\&quot;}&quot;}
JSON TestResults {&quot;visit&quot;:&quot;{\&quot;continue_url\&quot;:\&quot;https:\/\/dispatch.staging.look.io\/api\/v1\/visit\/45c7bc6a81e6d79a751bea0992ee21b6\/continue\&quot;,\&quot;postBody\&quot;:\&quot;{\\\&quot;app_foregrounded\\\&quot;:false,\\\&quot;app_id\\\&quot;:\\\&quot;5df4277b\\\&quot;,\\\&quot;branding_md5\\\&quot;:\\\&quot;9bce1d24bf82e79e01b71753ec5bf6b4\\\&quot;,\\\&quot;device_id\\\&quot;:\\\&quot;1b69aff5-a0d0-29c8-d02e-13428ba250e8\\\&quot;,\\\&quot;device_type\\\&quot;:\\\&quot;Mozilla\\\\\\\\\/5.0 (Linux; Android 4.4.2; SM-G900H Build\\\\\\\\\/KOT49H) AppleWebKit\\\\\\\\\/537.36 (KHTML, like Gecko) Chrome\\\\\\\\\/44.0.2403.133 Mobile Safari\\\\\\\\\/537.36\\\&quot;,\\\&quot;language\\\&quot;:\\\&quot;en\\\&quot;,\\\&quot;platform\\\&quot;:\\\&quot;Web\\\&quot;,\\\&quot;request_visitor_id\\\&quot;:true}\&quot;,\&quot;responseCode\&quot;:201,\&quot;url\&quot;:\&quot;https:\/\/dispatch.staging.look.io\/api\/v1\/app\/launch\&quot;,\&quot;visit_id\&quot;:\&quot;45c7bc6a81e6d79a751bea0992ee21b6\&quot;}&quot;}
Invalid cookie header: &quot;set-cookie: visitor_id=15115021618441; Version=1; Expires=Sat, 10-Aug-2115 17:03:08 GMT; Max-Age=3153600000; Path=/&quot;. Invalid max-age attribute: 3153600000
Invalid cookie header: &quot;set-cookie: visitor_id=15115021618447; Version=1; Expires=Sat, 10-Aug-2115 17:03:15 GMT; Max-Age=3153600000; Path=/&quot;. Invalid max-age attribute: 3153600000
Invalid cookie header: &quot;set-cookie: visitor_id=15115021618449; Version=1; Expires=Sat, 10-Aug-2115 17:03:19 GMT; Max-Age=3153600000; Path=/&quot;. Invalid max-age attribute: 3153600000
</pre>
</span>
</div>
</div>
<div id="footer">
<p>
<div>
<label class="hidden" id="label-for-line-wrapping-toggle" for="line-wrapping-toggle">Wrap lines
<input id="line-wrapping-toggle" type="checkbox" autocomplete="off"/>
</label>
</div>Generated by 
<a href="http://www.gradle.org">Gradle 2.6</a> at Sep 3, 2015 1:03:26 PM</p>
</div>
</div>
</body>
</html>
